<?xml version="1.0" encoding="UTF-8"?>
<coverage generated="1717590454028" clover="3.2.0">
  <project timestamp="1717590454028" name="All files">
    <metrics statements="23" coveredstatements="23" conditionals="2" coveredconditionals="2" methods="12" coveredmethods="12" elements="37" coveredelements="37" complexity="0" loc="23" ncloc="23" packages="2" files="5" classes="5"/>
    <package name="Product-technisch-leerdoel.Tests">
      <metrics statements="14" coveredstatements="14" conditionals="2" coveredconditionals="2" methods="8" coveredmethods="8"/>
      <file name="calculator.js" path="C:\openjdk-17.0.2_windows-x64_bin\jesse-technisch-leerdoel\Product-technisch-leerdoel\Tests\calculator.js">
        <metrics statements="14" coveredstatements="14" conditionals="2" coveredconditionals="2" methods="8" coveredmethods="8"/>
        <line num="1" count="1" type="stmt"/>
        <line num="3" count="1" type="stmt"/>
        <line num="6" count="2" type="stmt"/>
        <line num="9" count="1" type="stmt"/>
        <line num="12" count="2" type="cond" truecount="2" falsecount="0"/>
        <line num="13" count="1" type="stmt"/>
        <line num="15" count="1" type="stmt"/>
        <line num="18" count="1" type="stmt"/>
        <line num="21" count="1" type="stmt"/>
        <line num="24" count="1" type="stmt"/>
        <line num="27" count="1" type="stmt"/>
        <line num="28" count="1" type="stmt"/>
        <line num="29" count="1" type="stmt"/>
        <line num="30" count="1" type="stmt"/>
      </file>
    </package>
    <package name="Tutorial Jest">
      <metrics statements="9" coveredstatements="9" conditionals="0" coveredconditionals="0" methods="4" coveredmethods="4"/>
      <file name="isPalindrome.js" path="C:\openjdk-17.0.2_windows-x64_bin\jesse-technisch-leerdoel\Tutorial Jest\isPalindrome.js">
        <metrics statements="3" coveredstatements="3" conditionals="0" coveredconditionals="0" methods="1" coveredmethods="1"/>
        <line num="1" count="1" type="stmt"/>
        <line num="4" count="2" type="stmt"/>
        <line num="7" count="1" type="stmt"/>
      </file>
      <file name="reverseString.js" path="C:\openjdk-17.0.2_windows-x64_bin\jesse-technisch-leerdoel\Tutorial Jest\reverseString.js">
        <metrics statements="2" coveredstatements="2" conditionals="0" coveredconditionals="0" methods="1" coveredmethods="1"/>
        <line num="2" count="3" type="stmt"/>
        <line num="6" count="2" type="stmt"/>
      </file>
      <file name="shallowObjClone.js" path="C:\openjdk-17.0.2_windows-x64_bin\jesse-technisch-leerdoel\Tutorial Jest\shallowObjClone.js">
        <metrics statements="2" coveredstatements="2" conditionals="0" coveredconditionals="0" methods="1" coveredmethods="1"/>
        <line num="2" count="1" type="stmt"/>
        <line num="5" count="1" type="stmt"/>
      </file>
      <file name="sum.js" path="C:\openjdk-17.0.2_windows-x64_bin\jesse-technisch-leerdoel\Tutorial Jest\sum.js">
        <metrics statements="2" coveredstatements="2" conditionals="0" coveredconditionals="0" methods="1" coveredmethods="1"/>
        <line num="2" count="1" type="stmt"/>
        <line num="5" count="1" type="stmt"/>
      </file>
    </package>
  </project>
</coverage>
