<?xml version="1.0" encoding="UTF-8"?>
<coverage generated="1717231635769" clover="3.2.0">
  <project timestamp="1717231635769" name="All files">
    <metrics statements="9" coveredstatements="9" conditionals="0" coveredconditionals="0" methods="4" coveredmethods="4" elements="13" coveredelements="13" complexity="0" loc="9" ncloc="9" packages="1" files="4" classes="4"/>
    <file name="isPalindrome.js" path="C:\openjdk-17.0.2_windows-x64_bin\jesse-technisch-leerdoel\Tutorial Jest\isPalindrome.js">
      <metrics statements="3" coveredstatements="3" conditionals="0" coveredconditionals="0" methods="1" coveredmethods="1"/>
      <line num="1" count="1" type="stmt"/>
      <line num="4" count="2" type="stmt"/>
      <line num="7" count="1" type="stmt"/>
    </file>
    <file name="reverseString.js" path="C:\openjdk-17.0.2_windows-x64_bin\jesse-technisch-leerdoel\Tutorial Jest\reverseString.js">
      <metrics statements="2" coveredstatements="2" conditionals="0" coveredconditionals="0" methods="1" coveredmethods="1"/>
      <line num="2" count="3" type="stmt"/>
      <line num="6" count="2" type="stmt"/>
    </file>
    <file name="shallowObjClone.js" path="C:\openjdk-17.0.2_windows-x64_bin\jesse-technisch-leerdoel\Tutorial Jest\shallowObjClone.js">
      <metrics statements="2" coveredstatements="2" conditionals="0" coveredconditionals="0" methods="1" coveredmethods="1"/>
      <line num="2" count="1" type="stmt"/>
      <line num="5" count="1" type="stmt"/>
    </file>
    <file name="sum.js" path="C:\openjdk-17.0.2_windows-x64_bin\jesse-technisch-leerdoel\Tutorial Jest\sum.js">
      <metrics statements="2" coveredstatements="2" conditionals="0" coveredconditionals="0" methods="1" coveredmethods="1"/>
      <line num="2" count="1" type="stmt"/>
      <line num="5" count="1" type="stmt"/>
    </file>
  </project>
</coverage>
