{"C:\\openjdk-17.0.2_windows-x64_bin\\jesse-technisch-leerdoel\\Product-technisch-leerdoel\\Tests\\calculator.js": {"path":"C:\\openjdk-17.0.2_windows-x64_bin\\jesse-technisch-leerdoel\\Product-technisch-leerdoel\\Tests\\calculator.js","statementMap":{"0":{"start":{"line":1,"column":0},"end":{"line":20,"column":2}},"1":{"start":{"line":3,"column":4},"end":{"line":3,"column":17}},"2":{"start":{"line":7,"column":4},"end":{"line":7,"column":17}},"3":{"start":{"line":11,"column":4},"end":{"line":11,"column":17}},"4":{"start":{"line":15,"column":4},"end":{"line":17,"column":5}},"5":{"start":{"line":16,"column":6},"end":{"line":16,"column":47}},"6":{"start":{"line":18,"column":4},"end":{"line":18,"column":17}}},"fnMap":{"0":{"name":"(anonymous_0)","decl":{"start":{"line":2,"column":2},"end":{"line":2,"column":3}},"loc":{"start":{"line":2,"column":12},"end":{"line":4,"column":3}},"line":2},"1":{"name":"(anonymous_1)","decl":{"start":{"line":6,"column":2},"end":{"line":6,"column":3}},"loc":{"start":{"line":6,"column":18},"end":{"line":8,"column":3}},"line":6},"2":{"name":"(anonymous_2)","decl":{"start":{"line":10,"column":2},"end":{"line":10,"column":3}},"loc":{"start":{"line":10,"column":17},"end":{"line":12,"column":3}},"line":10},"3":{"name":"(anonymous_3)","decl":{"start":{"line":14,"column":2},"end":{"line":14,"column":3}},"loc":{"start":{"line":14,"column":15},"end":{"line":19,"column":3}},"line":14}},"branchMap":{"0":{"loc":{"start":{"line":15,"column":4},"end":{"line":17,"column":5}},"type":"if","locations":[{"start":{"line":15,"column":4},"end":{"line":17,"column":5}},{"start":{},"end":{}}],"line":15}},"s":{"0":1,"1":1,"2":1,"3":1,"4":1,"5":0,"6":1},"f":{"0":1,"1":1,"2":1,"3":1},"b":{"0":[0,1]},"_coverageSchema":"1a1c01bbd47fc00a2c39e90264f33305004495a9","hash":"6d590af2508fe73cd1597c825bfaccad86073c75"}
,"C:\\openjdk-17.0.2_windows-x64_bin\\jesse-technisch-leerdoel\\Tutorial Jest\\isPalindrome.js": {"path":"C:\\openjdk-17.0.2_windows-x64_bin\\jesse-technisch-leerdoel\\Tutorial Jest\\isPalindrome.js","statementMap":{"0":{"start":{"line":1,"column":22},"end":{"line":1,"column":48}},"1":{"start":{"line":4,"column":4},"end":{"line":4,"column":67}},"2":{"start":{"line":7,"column":0},"end":{"line":7,"column":29}}},"fnMap":{"0":{"name":"isPalindrome","decl":{"start":{"line":3,"column":9},"end":{"line":3,"column":21}},"loc":{"start":{"line":3,"column":28},"end":{"line":5,"column":1}},"line":3}},"branchMap":{},"s":{"0":1,"1":2,"2":1},"f":{"0":2},"b":{},"_coverageSchema":"1a1c01bbd47fc00a2c39e90264f33305004495a9","hash":"1317aa673b6a4715bd16f192adee8412f16eaf61"}
,"C:\\openjdk-17.0.2_windows-x64_bin\\jesse-technisch-leerdoel\\Tutorial Jest\\reverseString.js": {"path":"C:\\openjdk-17.0.2_windows-x64_bin\\jesse-technisch-leerdoel\\Tutorial Jest\\reverseString.js","statementMap":{"0":{"start":{"line":2,"column":4},"end":{"line":3,"column":47}},"1":{"start":{"line":6,"column":0},"end":{"line":6,"column":31}}},"fnMap":{"0":{"name":"reverseString","decl":{"start":{"line":1,"column":9},"end":{"line":1,"column":22}},"loc":{"start":{"line":1,"column":29},"end":{"line":4,"column":1}},"line":1}},"branchMap":{},"s":{"0":3,"1":2},"f":{"0":3},"b":{},"_coverageSchema":"1a1c01bbd47fc00a2c39e90264f33305004495a9","hash":"d59d0fe32f0fccaebcd20bc3ef7259c65dd1ed9c"}
,"C:\\openjdk-17.0.2_windows-x64_bin\\jesse-technisch-leerdoel\\Tutorial Jest\\shallowObjClone.js": {"path":"C:\\openjdk-17.0.2_windows-x64_bin\\jesse-technisch-leerdoel\\Tutorial Jest\\shallowObjClone.js","statementMap":{"0":{"start":{"line":2,"column":4},"end":{"line":2,"column":21}},"1":{"start":{"line":5,"column":0},"end":{"line":5,"column":32}}},"fnMap":{"0":{"name":"shallowObjClone","decl":{"start":{"line":1,"column":9},"end":{"line":1,"column":24}},"loc":{"start":{"line":1,"column":30},"end":{"line":3,"column":1}},"line":1}},"branchMap":{},"s":{"0":1,"1":1},"f":{"0":1},"b":{},"_coverageSchema":"1a1c01bbd47fc00a2c39e90264f33305004495a9","hash":"2ffb957b0d1308411c79c58d6bbe0bdac3301f22"}
,"C:\\openjdk-17.0.2_windows-x64_bin\\jesse-technisch-leerdoel\\Tutorial Jest\\sum.js": {"path":"C:\\openjdk-17.0.2_windows-x64_bin\\jesse-technisch-leerdoel\\Tutorial Jest\\sum.js","statementMap":{"0":{"start":{"line":2,"column":4},"end":{"line":2,"column":17}},"1":{"start":{"line":5,"column":0},"end":{"line":5,"column":20}}},"fnMap":{"0":{"name":"sum","decl":{"start":{"line":1,"column":9},"end":{"line":1,"column":12}},"loc":{"start":{"line":1,"column":19},"end":{"line":3,"column":1}},"line":1}},"branchMap":{},"s":{"0":1,"1":1},"f":{"0":1},"b":{},"_coverageSchema":"1a1c01bbd47fc00a2c39e90264f33305004495a9","hash":"05d95324ea7abd476671a46cb4c5826db27c0616"}
}
